Start testing: Nov 03 15:41 MSK
----------------------------------------------------------
1/9 Testing: test-1
1/9 Test: test-1
Command: "/opt/clion-2024.2.2/bin/cmake/linux/x64/bin/cmake" "-DTEST_DIR=/home/slava-linux/CLionProjects/assignment-3-image-transform/tester/tests/1" "-DIMAGE_TRANSFORM=/home/slava-linux/CLionProjects/assignment-3-image-transform/out/build/debug/solution/image-transform" "-DIMAGE_MATCHER=/home/slava-linux/CLionProjects/assignment-3-image-transform/out/build/debug/tester/image-matcher" "-P" "/home/slava-linux/CLionProjects/assignment-3-image-transform/tester/tester.cmake"
Directory: /home/slava-linux/CLionProjects/assignment-3-image-transform/out/build/debug/tester
"test-1" start time: Nov 03 15:41 MSK
Output:
----------------------------------------------------------
<end of output>
Test time =   0.05 sec
----------------------------------------------------------
Test Passed.
"test-1" end time: Nov 03 15:41 MSK
"test-1" time elapsed: 00:00:00
----------------------------------------------------------

2/9 Testing: test-2
2/9 Test: test-2
Command: "/opt/clion-2024.2.2/bin/cmake/linux/x64/bin/cmake" "-DTEST_DIR=/home/slava-linux/CLionProjects/assignment-3-image-transform/tester/tests/2" "-DIMAGE_TRANSFORM=/home/slava-linux/CLionProjects/assignment-3-image-transform/out/build/debug/solution/image-transform" "-DIMAGE_MATCHER=/home/slava-linux/CLionProjects/assignment-3-image-transform/out/build/debug/tester/image-matcher" "-P" "/home/slava-linux/CLionProjects/assignment-3-image-transform/tester/tester.cmake"
Directory: /home/slava-linux/CLionProjects/assignment-3-image-transform/out/build/debug/tester
"test-2" start time: Nov 03 15:41 MSK
Output:
----------------------------------------------------------
<end of output>
Test time =   0.06 sec
----------------------------------------------------------
Test Passed.
"test-2" end time: Nov 03 15:41 MSK
"test-2" time elapsed: 00:00:00
----------------------------------------------------------

3/9 Testing: test-3
3/9 Test: test-3
Command: "/opt/clion-2024.2.2/bin/cmake/linux/x64/bin/cmake" "-DTEST_DIR=/home/slava-linux/CLionProjects/assignment-3-image-transform/tester/tests/3" "-DIMAGE_TRANSFORM=/home/slava-linux/CLionProjects/assignment-3-image-transform/out/build/debug/solution/image-transform" "-DIMAGE_MATCHER=/home/slava-linux/CLionProjects/assignment-3-image-transform/out/build/debug/tester/image-matcher" "-P" "/home/slava-linux/CLionProjects/assignment-3-image-transform/tester/tester.cmake"
Directory: /home/slava-linux/CLionProjects/assignment-3-image-transform/out/build/debug/tester
"test-3" start time: Nov 03 15:41 MSK
Output:
----------------------------------------------------------
<end of output>
Test time =   0.01 sec
----------------------------------------------------------
Test Passed.
"test-3" end time: Nov 03 15:41 MSK
"test-3" time elapsed: 00:00:00
----------------------------------------------------------

4/9 Testing: test-4
4/9 Test: test-4
Command: "/opt/clion-2024.2.2/bin/cmake/linux/x64/bin/cmake" "-DTEST_DIR=/home/slava-linux/CLionProjects/assignment-3-image-transform/tester/tests/4" "-DIMAGE_TRANSFORM=/home/slava-linux/CLionProjects/assignment-3-image-transform/out/build/debug/solution/image-transform" "-DIMAGE_MATCHER=/home/slava-linux/CLionProjects/assignment-3-image-transform/out/build/debug/tester/image-matcher" "-P" "/home/slava-linux/CLionProjects/assignment-3-image-transform/tester/tester.cmake"
Directory: /home/slava-linux/CLionProjects/assignment-3-image-transform/out/build/debug/tester
"test-4" start time: Nov 03 15:41 MSK
Output:
----------------------------------------------------------
<end of output>
Test time =   0.09 sec
----------------------------------------------------------
Test Passed.
"test-4" end time: Nov 03 15:41 MSK
"test-4" time elapsed: 00:00:00
----------------------------------------------------------

5/9 Testing: test-5
5/9 Test: test-5
Command: "/opt/clion-2024.2.2/bin/cmake/linux/x64/bin/cmake" "-DTEST_DIR=/home/slava-linux/CLionProjects/assignment-3-image-transform/tester/tests/5" "-DIMAGE_TRANSFORM=/home/slava-linux/CLionProjects/assignment-3-image-transform/out/build/debug/solution/image-transform" "-DIMAGE_MATCHER=/home/slava-linux/CLionProjects/assignment-3-image-transform/out/build/debug/tester/image-matcher" "-P" "/home/slava-linux/CLionProjects/assignment-3-image-transform/tester/tester.cmake"
Directory: /home/slava-linux/CLionProjects/assignment-3-image-transform/out/build/debug/tester
"test-5" start time: Nov 03 15:41 MSK
Output:
----------------------------------------------------------
<end of output>
Test time =   0.05 sec
----------------------------------------------------------
Test Passed.
"test-5" end time: Nov 03 15:41 MSK
"test-5" time elapsed: 00:00:00
----------------------------------------------------------

6/9 Testing: test-6
6/9 Test: test-6
Command: "/opt/clion-2024.2.2/bin/cmake/linux/x64/bin/cmake" "-DTEST_DIR=/home/slava-linux/CLionProjects/assignment-3-image-transform/tester/tests/6" "-DIMAGE_TRANSFORM=/home/slava-linux/CLionProjects/assignment-3-image-transform/out/build/debug/solution/image-transform" "-DIMAGE_MATCHER=/home/slava-linux/CLionProjects/assignment-3-image-transform/out/build/debug/tester/image-matcher" "-P" "/home/slava-linux/CLionProjects/assignment-3-image-transform/tester/tester.cmake"
Directory: /home/slava-linux/CLionProjects/assignment-3-image-transform/out/build/debug/tester
"test-6" start time: Nov 03 15:41 MSK
Output:
----------------------------------------------------------
<end of output>
Test time =   0.04 sec
----------------------------------------------------------
Test Passed.
"test-6" end time: Nov 03 15:41 MSK
"test-6" time elapsed: 00:00:00
----------------------------------------------------------

7/9 Testing: test-7
7/9 Test: test-7
Command: "/opt/clion-2024.2.2/bin/cmake/linux/x64/bin/cmake" "-DTEST_DIR=/home/slava-linux/CLionProjects/assignment-3-image-transform/tester/tests/7" "-DIMAGE_TRANSFORM=/home/slava-linux/CLionProjects/assignment-3-image-transform/out/build/debug/solution/image-transform" "-DIMAGE_MATCHER=/home/slava-linux/CLionProjects/assignment-3-image-transform/out/build/debug/tester/image-matcher" "-P" "/home/slava-linux/CLionProjects/assignment-3-image-transform/tester/tester.cmake"
Directory: /home/slava-linux/CLionProjects/assignment-3-image-transform/out/build/debug/tester
"test-7" start time: Nov 03 15:41 MSK
Output:
----------------------------------------------------------
<end of output>
Test time =   0.05 sec
----------------------------------------------------------
Test Passed.
"test-7" end time: Nov 03 15:41 MSK
"test-7" time elapsed: 00:00:00
----------------------------------------------------------

8/9 Testing: test-8
8/9 Test: test-8
Command: "/opt/clion-2024.2.2/bin/cmake/linux/x64/bin/cmake" "-DTEST_DIR=/home/slava-linux/CLionProjects/assignment-3-image-transform/tester/tests/8" "-DIMAGE_TRANSFORM=/home/slava-linux/CLionProjects/assignment-3-image-transform/out/build/debug/solution/image-transform" "-DIMAGE_MATCHER=/home/slava-linux/CLionProjects/assignment-3-image-transform/out/build/debug/tester/image-matcher" "-P" "/home/slava-linux/CLionProjects/assignment-3-image-transform/tester/tester.cmake"
Directory: /home/slava-linux/CLionProjects/assignment-3-image-transform/out/build/debug/tester
"test-8" start time: Nov 03 15:41 MSK
Output:
----------------------------------------------------------
<end of output>
Test time =   0.01 sec
----------------------------------------------------------
Test Passed.
"test-8" end time: Nov 03 15:41 MSK
"test-8" time elapsed: 00:00:00
----------------------------------------------------------

9/9 Testing: test-9
9/9 Test: test-9
Command: "/opt/clion-2024.2.2/bin/cmake/linux/x64/bin/cmake" "-DTEST_DIR=/home/slava-linux/CLionProjects/assignment-3-image-transform/tester/tests/9" "-DIMAGE_TRANSFORM=/home/slava-linux/CLionProjects/assignment-3-image-transform/out/build/debug/solution/image-transform" "-DIMAGE_MATCHER=/home/slava-linux/CLionProjects/assignment-3-image-transform/out/build/debug/tester/image-matcher" "-P" "/home/slava-linux/CLionProjects/assignment-3-image-transform/tester/tester.cmake"
Directory: /home/slava-linux/CLionProjects/assignment-3-image-transform/out/build/debug/tester
"test-9" start time: Nov 03 15:41 MSK
Output:
----------------------------------------------------------
<end of output>
Test time =   0.01 sec
----------------------------------------------------------
Test Passed.
"test-9" end time: Nov 03 15:41 MSK
"test-9" time elapsed: 00:00:00
----------------------------------------------------------

End testing: Nov 03 15:41 MSK
